  Main.cpp
C:\Users\ERich\OneDrive\Desktop\Everything\VisualCode\HW5-2 (REDONE)\Main.cpp(16,12): warning C4244: 'argument': conversion from 'time_t' to 'unsigned int', possible loss of data
  MyFunctions.cpp
C:\Users\ERich\OneDrive\Desktop\Everything\VisualCode\HW5-2 (REDONE)\MyFunctions.cpp(104,56): warning C4244: '+=': conversion from 'double' to 'float', possible loss of data
C:\Users\ERich\OneDrive\Desktop\Everything\VisualCode\HW5-2 (REDONE)\MyFunctions.cpp(105,70): warning C4244: 'argument': conversion from 'double' to 'const float', possible loss of data
C:\Users\ERich\OneDrive\Desktop\Everything\VisualCode\HW5-2 (REDONE)\MyFunctions.cpp(108,89): warning C4244: '+=': conversion from 'double' to 'float', possible loss of data
C:\Users\ERich\OneDrive\Desktop\Everything\VisualCode\HW5-2 (REDONE)\MyFunctions.cpp(109,103): warning C4244: 'argument': conversion from 'double' to 'const float', possible loss of data
C:\Users\ERich\OneDrive\Desktop\Everything\VisualCode\HW5-2 (REDONE)\MyFunctions.cpp(116,37): warning C4244: '-=': conversion from 'double' to 'float', possible loss of data
C:\Users\ERich\OneDrive\Desktop\Everything\VisualCode\HW5-2 (REDONE)\MyFunctions.cpp(117,45): warning C4244: 'argument': conversion from 'double' to 'const float', possible loss of data
C:\Users\ERich\OneDrive\Desktop\Everything\VisualCode\HW5-2 (REDONE)\MyFunctions.cpp(120,37): warning C4244: '-=': conversion from 'double' to 'float', possible loss of data
C:\Users\ERich\OneDrive\Desktop\Everything\VisualCode\HW5-2 (REDONE)\MyFunctions.cpp(121,45): warning C4244: 'argument': conversion from 'double' to 'const float', possible loss of data
C:\Users\ERich\OneDrive\Desktop\Everything\VisualCode\HW5-2 (REDONE)\MyFunctions.cpp(138,38): warning C4244: '+=': conversion from 'double' to 'float', possible loss of data
C:\Users\ERich\OneDrive\Desktop\Everything\VisualCode\HW5-2 (REDONE)\MyFunctions.cpp(139,51): warning C4244: 'argument': conversion from 'double' to 'const float', possible loss of data
C:\Users\ERich\OneDrive\Desktop\Everything\VisualCode\HW5-2 (REDONE)\MyFunctions.cpp(146,37): warning C4244: '-=': conversion from 'double' to 'float', possible loss of data
C:\Users\ERich\OneDrive\Desktop\Everything\VisualCode\HW5-2 (REDONE)\MyFunctions.cpp(147,45): warning C4244: 'argument': conversion from 'double' to 'const float', possible loss of data
C:\Users\ERich\OneDrive\Desktop\Everything\VisualCode\HW5-2 (REDONE)\MyFunctions.cpp(150,37): warning C4244: '-=': conversion from 'double' to 'float', possible loss of data
C:\Users\ERich\OneDrive\Desktop\Everything\VisualCode\HW5-2 (REDONE)\MyFunctions.cpp(151,45): warning C4244: 'argument': conversion from 'double' to 'const float', possible loss of data
C:\Users\ERich\OneDrive\Desktop\Everything\VisualCode\HW5-2 (REDONE)\MyFunctions.cpp(163,37): warning C4244: '+=': conversion from 'double' to 'float', possible loss of data
C:\Users\ERich\OneDrive\Desktop\Everything\VisualCode\HW5-2 (REDONE)\MyFunctions.cpp(164,50): warning C4244: 'argument': conversion from 'double' to 'const float', possible loss of data
  Generating Code...
C:\Users\ERich\OneDrive\Desktop\Everything\VisualCode\HW5-2 (REDONE)\Blackjack.h(235): warning C4715: 'adviseOptimalOptionOnLuck<int>': not all control paths return a value
  HW5-2 (REDONE).vcxproj -> C:\Users\ERich\OneDrive\Desktop\Everything\VisualCode\HW5-2 (REDONE)\x64\Debug\HW5-2 (REDONE).exe
